81674904839 | /sitea2/ |  
1674904841 | /sitea2/index.php?id=log | http://localhost/sitea2/ 
1674904843 | /sitea2/index.php | http://localhost/sitea2/index.php?id=log 
1674904846 | /sitea2/index.php?id=contact | http://localhost/sitea2/index.php 
1674904847 | /sitea2/index.php?id=info | http://localhost/sitea2/index.php?id=contact 
1674905364 | /sitea2/index.php?id=info | http://localhost/sitea2/index.php?id=contact 
1674905366 | /sitea2/index.php?id=log | http://localhost/sitea2/index.php?id=info 
1674905368 | /sitea2/index.php | http://localhost/sitea2/index.php?id=log 
1674905369 | /sitea2/index.php?id=contact | http://localhost/sitea2/index.php 
1674905369 | /sitea2/index.php?id=about | http://localhost/sitea2/index.php?id=contact 
1674905370 | /sitea2/index.php?id=info | http://localhost/sitea2/index.php?id=about 
1674905370 | /sitea2/index.php?id=gbook | http://localhost/sitea2/index.php?id=info 
1674905371 | /sitea2/index.php?id=about | http://localhost/sitea2/index.php?id=gbook 
1674905372 | /sitea2/index.php?id=contact | http://localhost/sitea2/index.php?id=about 
1674905373 | /sitea2/index.php?id=log | http://localhost/sitea2/index.php?id=contact 
1674905419 | /sitea2/index.php?id=log | http://localhost/sitea2/index.php?id=contact 
1674905450 | /sitea2/index.php?id=log | http://localhost/sitea2/index.php?id=contact 
1674905564 | /sitea2/index.php?id=log | http://localhost/sitea2/index.php?id=contact 
1674905575 | /sitea2/index.php?id=log | http://localhost/sitea2/index.php?id=contact 
1674905576 | /sitea2/index.php?id=log | http://localhost/sitea2/index.php?id=contact 
1674905594 | /sitea2/index.php?id=log | http://localhost/sitea2/index.php?id=contact 
1674905595 | /sitea2/index.php?id=log | http://localhost/sitea2/index.php?id=contact 
1674905600 | /sitea2/index.php?id=log | http://localhost/sitea2/index.php?id=contact 
1674905607 | /sitea2/index.php?id=log | http://localhost/sitea2/index.php?id=contact 
1674905608 | /sitea2/index.php?id=log | http://localhost/sitea2/index.php?id=contact 
1674905621 | /sitea2/index.php?id=log | http://localhost/sitea2/index.php?id=contact 
1674905622 | /sitea2/index.php?id=log | http://localhost/sitea2/index.php?id=contact 
1674905652 | /sitea2/index.php?id=log | http://localhost/sitea2/index.php?id=contact 
1674905662 | /sitea2/index.php?id=log | http://localhost/sitea2/index.php?id=contact 
1674905675 | /sitea2/index.php?id=log | http://localhost/sitea2/index.php?id=contact 
1674905676 | /sitea2/index.php?id=log | http://localhost/sitea2/index.php?id=contact 
1674905678 | /sitea2/index.php?id=log | http://localhost/sitea2/index.php?id=contact 
1674905695 | /sitea2/index.php?id=log | http://localhost/sitea2/index.php?id=contact 
